<?xml version="1.0" encoding="UTF-8" ?>
<testsuite errors="0" failures="0" hostname="DESKTOP-88708N4" name="model.entities.ItemTest" skipped="0" tests="4" time="0.147" timestamp="2022-12-31T20:26:36">
  <properties>
[...]
</properties>
  <testcase classname="model.entities.ItemTest" name="testRemoveLinkFromLinkedFrom" time="0.013" />
  <testcase classname="model.entities.ItemTest" name="testAddLink" time="0.0" />
  <testcase classname="model.entities.ItemTest" name="testReceiveLink" time="0.0" />
  <testcase classname="model.entities.ItemTest" name="testRemoveLinkFromLinkedTo" time="0.001" />
  <system-out><![CDATA[removeLinkFromLinkedFrom
addLink
receiveLink
removeLinkFromLinkedTo
]]></system-out>
  <system-err><![CDATA[]]></system-err>
</testsuite>
